Build started 1/26/2017 7:47:24 PM.
     1>Project "C:\Users\Noah\Documents\GitHub\Game\Game\Game\Game.vcxproj" on node 2 (Build target(s)).
     1>ClCompile:
         C:\Program Files (x86)\Microsoft Visual Studio 12.0\VC\bin\CL.exe /c /Zi /nologo /W3 /WX- /sdl /O2 /Oi /Oy- /GL /D _MBCS /Gm- /EHsc /MD /GS /Gy /fp:precise /Zc:wchar_t /Zc:forScope /Fo"Release\\" /Fd"Release\vc120.pdb" /Gd /TP /analyze- /errorReport:prompt Camera.cpp GLSLContex.cpp main.cpp MainGame.cpp Object.cpp Window.cpp
         Camera.cpp
         GLSLContex.cpp
         main.cpp
         MainGame.cpp
         Object.cpp
         Window.cpp
       Link:
         C:\Program Files (x86)\Microsoft Visual Studio 12.0\VC\bin\link.exe /ERRORREPORT:PROMPT /OUT:"C:\Users\Noah\Documents\GitHub\Game\Game\Release\Game.exe" /NOLOGO SDL2.lib SDL2_mixer.lib SDL2_ttf.lib SDL2main.lib SDL2test.lib glew32.lib glew32s.lib opengl32.lib kernel32.lib user32.lib gdi32.lib winspool.lib comdlg32.lib advapi32.lib shell32.lib ole32.lib oleaut32.lib uuid.lib odbc32.lib odbccp32.lib /MANIFEST /MANIFESTUAC:"level='asInvoker' uiAccess='false'" /manifest:embed /DEBUG /PDB:"C:\Users\Noah\Documents\GitHub\Game\Game\Release\Game.pdb" /SUBSYSTEM:CONSOLE /OPT:REF /OPT:ICF /LTCG /TLBID:1 /DYNAMICBASE /NXCOMPAT /IMPLIB:"C:\Users\Noah\Documents\GitHub\Game\Game\Release\Game.lib" /MACHINE:X86 /SAFESEH Release\Camera.obj
         Release\GLSLContex.obj
         Release\main.obj
         Release\MainGame.obj
         Release\Object.obj
         Release\Window.obj
         Generating code
         Finished generating code
         Game.vcxproj -> C:\Users\Noah\Documents\GitHub\Game\Game\Release\Game.exe
     1>Done Building Project "C:\Users\Noah\Documents\GitHub\Game\Game\Game\Game.vcxproj" (Build target(s)).

Build succeeded.

Time Elapsed 00:00:03.05
