GLSLContex.obj : error LNK2001: unresolved external symbol __imp___glewEnableVertexAttribArray
GLSLContex.obj : error LNK2001: unresolved external symbol __imp___glewUseProgram
GLSLContex.obj : error LNK2001: unresolved external symbol __imp___glewGetShaderiv
GLSLContex.obj : error LNK2001: unresolved external symbol __imp___glewCompileShader
GLSLContex.obj : error LNK2001: unresolved external symbol __imp___glewCreateShader
GLSLContex.obj : error LNK2001: unresolved external symbol __imp___glewBindAttribLocation
GLSLContex.obj : error LNK2001: unresolved external symbol __imp___glewCreateProgram
GLSLContex.obj : error LNK2001: unresolved external symbol __imp___glewGetShaderInfoLog
GLSLContex.obj : error LNK2001: unresolved external symbol __imp___glewGetProgramiv
GLSLContex.obj : error LNK2001: unresolved external symbol __imp___glewGetUniformLocation
GLSLContex.obj : error LNK2001: unresolved external symbol __imp___glewAttachShader
GLSLContex.obj : error LNK2001: unresolved external symbol __imp___glewDeleteProgram
GLSLContex.obj : error LNK2001: unresolved external symbol __imp___glewShaderSource
GLSLContex.obj : error LNK2001: unresolved external symbol __imp___glewDisableVertexAttribArray
GLSLContex.obj : error LNK2001: unresolved external symbol __imp___glewDetachShader
GLSLContex.obj : error LNK2001: unresolved external symbol __imp___glewGetProgramInfoLog
GLSLContex.obj : error LNK2001: unresolved external symbol __imp___glewDeleteShader
GLSLContex.obj : error LNK2001: unresolved external symbol __imp___glewLinkProgram
MainGame.obj : error LNK2001: unresolved external symbol SDL_Init
MainGame.obj : error LNK2001: unresolved external symbol SDL_GL_SetAttribute
MainGame.obj : error LNK2001: unresolved external symbol SDL_PollEvent
Object.obj : error LNK2001: unresolved external symbol __imp___glewVertexAttribPointer
Object.obj : error LNK2001: unresolved external symbol __imp___glewBindBuffer
Object.obj : error LNK2001: unresolved external symbol __imp___glewBufferData
Object.obj : error LNK2001: unresolved external symbol __imp___glewGenBuffers
Object.obj : error LNK2001: unresolved external symbol __imp___glewDeleteBuffers
Window.obj : error LNK2001: unresolved external symbol SDL_GL_SwapWindow
Window.obj : error LNK2001: unresolved external symbol SDL_GL_CreateContext
Window.obj : error LNK2001: unresolved external symbol SDL_GL_SetSwapInterval
Window.obj : error LNK2001: unresolved external symbol SDL_CreateWindow
Window.obj : error LNK2001: unresolved external symbol __imp_glewInit
MSVCRT.lib(exe_main.obj) : error LNK2001: unresolved external symbol main
C:\Users\Noah\Documents\GitHub\Game\Game\x64\Release\Game.exe : fatal error LNK1120: 32 unresolved externals
